<?xml version="1.0" encoding="UTF-8"?>
<testng-results ignored="0" total="2" passed="2" failed="0" skipped="0">
  <reporter-output>
  </reporter-output>
  <suite started-at="2022-02-27T10:05:49Z" name="Default suite" finished-at="2022-02-27T10:05:53Z" duration-ms="3612">
    <groups>
    </groups>
    <test started-at="2022-02-27T10:05:49Z" name="Default test" finished-at="2022-02-27T10:05:53Z" duration-ms="3612">
      <class name="qaautomation.tugasqajlabs2022.APITest">
        <test-method signature="fakerTest()[pri:0, instance:qaautomation.tugasqajlabs2022.APITest@fba92d3]" started-at="2022-02-27T10:05:49Z" name="fakerTest" finished-at="2022-02-27T10:05:49Z" duration-ms="186" status="PASS">
          <reporter-output>
          </reporter-output>
        </test-method> <!-- fakerTest -->
        <test-method signature="registerAPI()[pri:0, instance:qaautomation.tugasqajlabs2022.APITest@fba92d3]" started-at="2022-02-27T10:05:49Z" name="registerAPI" finished-at="2022-02-27T10:05:53Z" duration-ms="3339" status="PASS">
          <reporter-output>
          </reporter-output>
        </test-method> <!-- registerAPI -->
      </class> <!-- qaautomation.tugasqajlabs2022.APITest -->
    </test> <!-- Default test -->
  </suite> <!-- Default suite -->
</testng-results>
